stdio    D         file_stdio.c:110  file_stdio_fopen                 [   0.00000] opening D:\Projects\Breakout\Debug\allegro5.cfg r
system   D            wsystem.c:819  maybe_parent_dir                 [   0.00000] Also searching D:\Projects\Breakout\
system   D            wsystem.c:874  _al_win_safe_load_library        [   0.00000] PathFindOnPath found: C:\WINDOWS\system32\shcore.dll
system   D            wsystem.c:780  load_library_at_path             [   0.00000] Calling LoadLibrary C:\WINDOWS\system32\shcore.dll
system   I            wsystem.c:783  load_library_at_path             [   0.00000] Loaded C:\WINDOWS\system32\shcore.dll
system   I             system.c:271  al_install_system                [   0.00000] Allegro version: 5.2.7
system   D            wsystem.c:819  maybe_parent_dir                 [   0.00027] Also searching D:\Projects\Breakout\
system   D            wsystem.c:874  _al_win_safe_load_library        [   0.00044] PathFindOnPath found: C:\WINDOWS\system32\d3d9.dll
system   D            wsystem.c:780  load_library_at_path             [   0.00053] Calling LoadLibrary C:\WINDOWS\system32\d3d9.dll
system   I            wsystem.c:783  load_library_at_path             [   0.00725] Loaded C:\WINDOWS\system32\d3d9.dll
d3d      I         d3d_disp.cpp:684  d3d_init_display                 [   0.03932] Render-to-texture: 1
d3d      I         d3d_disp.cpp:1782 d3d_create_display_locked        [   0.04094] faux_fullscreen=0
d3d      D         d3d_disp.cpp:1783 d3d_create_display_locked        [   0.04105] al_display=00D67488
d3d      D         d3d_disp.cpp:1784 d3d_create_display_locked        [   0.04112] al_display->vt=00D83D10
d3d      I d3d_display_formats.cpp:144  _al_d3d_generate_display_format_list [   0.04869] found 288 format combinations
display  D   display_settings.c:212  debug_display_settings           [   0.04881] color: 32 (rgba 8880), depth: 0, stencil: 0, acc: 0000, samples: 0/0
display  D   display_settings.c:527  _al_score_display_settings       [   0.04888] Score is : 897
display  D   display_settings.c:212  debug_display_settings           [   0.04893] color: 32 (rgba 8880), depth: 0, stencil: 0, acc: 0000, samples: 0/0
display  D   display_settings.c:527  _al_score_display_settings       [   0.04900] Score is : 897
display  D   display_settings.c:212  debug_display_settings           [   0.04910] color: 32 (rgba 8880), depth: 0, stencil: 0, acc: 0000, samples: 2/1
display  D   display_settings.c:527  _al_score_display_settings       [   0.04922] Score is : 726
display  D   display_settings.c:212  debug_display_settings           [   0.04927] color: 32 (rgba 8880), depth: 0, stencil: 0, acc: 0000, samples: 3/1
display  D   display_settings.c:527  _al_score_display_settings       [   0.04934] Score is : 721
display  D   display_settings.c:212  debug_display_settings           [   0.04939] color: 32 (rgba 8880), depth: 0, stencil: 0, acc: 0000, samples: 4/1
display  D   display_settings.c:527  _al_score_display_settings       [   0.04946] Score is : 717
display  D   display_settings.c:212  debug_display_settings           [   0.04953] color: 32 (rgba 8880), depth: 0, stencil: 0, acc: 0000, samples: 5/1
display  D   display_settings.c:527  _al_score_display_settings       [   0.04960] Score is : 715
display  D   display_settings.c:212  debug_display_settings           [   0.04966] color: 32 (rgba 8880), depth: 0, stencil: 0, acc: 0000, samples: 6/1
display  D   display_settings.c:527  _al_score_display_settings       [   0.04973] Score is : 714
display  D   display_settings.c:212  debug_display_settings           [   0.04980] color: 32 (rgba 8880), depth: 0, stencil: 0, acc: 0000, samples: 7/1
display  D   display_settings.c:527  _al_score_display_settings       [   0.04987] Score is : 713
display  D   display_settings.c:212  debug_display_settings           [   0.04993] color: 32 (rgba 8880), depth: 0, stencil: 0, acc: 0000, samples: 8/1
display  D   display_settings.c:527  _al_score_display_settings       [   0.05001] Score is : 712
display  D   display_settings.c:212  debug_display_settings           [   0.05007] color: 32 (rgba 8880), depth: 24, stencil: 8, acc: 0000, samples: 0/0
display  D   display_settings.c:527  _al_score_display_settings       [   0.05019] Score is : 897
display  D   display_settings.c:212  debug_display_settings           [   0.05027] color: 32 (rgba 8880), depth: 24, stencil: 8, acc: 0000, samples: 0/0
display  D   display_settings.c:527  _al_score_display_settings       [   0.05035] Score is : 897
display  D   display_settings.c:212  debug_display_settings           [   0.05043] color: 32 (rgba 8880), depth: 24, stencil: 8, acc: 0000, samples: 2/1
display  D   display_settings.c:527  _al_score_display_settings       [   0.05050] Score is : 726
display  D   display_settings.c:212  debug_display_settings           [   0.05056] color: 32 (rgba 8880), depth: 24, stencil: 8, acc: 0000, samples: 3/1
display  D   display_settings.c:527  _al_score_display_settings       [   0.05063] Score is : 721
display  D   display_settings.c:212  debug_display_settings           [   0.05071] color: 32 (rgba 8880), depth: 24, stencil: 8, acc: 0000, samples: 4/1
display  D   display_settings.c:527  _al_score_display_settings       [   0.05079] Score is : 717
display  D   display_settings.c:212  debug_display_settings           [   0.05085] color: 32 (rgba 8880), depth: 24, stencil: 8, acc: 0000, samples: 5/1
display  D   display_settings.c:527  _al_score_display_settings       [   0.05094] Score is : 715
display  D   display_settings.c:212  debug_display_settings           [   0.05102] color: 32 (rgba 8880), depth: 24, stencil: 8, acc: 0000, samples: 6/1
display  D   display_settings.c:527  _al_score_display_settings       [   0.05109] Score is : 714
display  D   display_settings.c:212  debug_display_settings           [   0.05115] color: 32 (rgba 8880), depth: 24, stencil: 8, acc: 0000, samples: 7/1
display  D   display_settings.c:527  _al_score_display_settings       [   0.05121] Score is : 713
display  D   display_settings.c:212  debug_display_settings           [   0.05128] color: 32 (rgba 8880), depth: 24, stencil: 8, acc: 0000, samples: 8/1
display  D   display_settings.c:527  _al_score_display_settings       [   0.05136] Score is : 712
display  D   display_settings.c:212  debug_display_settings           [   0.05143] color: 32 (rgba 8880), depth: 24, stencil: 0, acc: 0000, samples: 0/0
display  D   display_settings.c:527  _al_score_display_settings       [   0.05151] Score is : 897
display  D   display_settings.c:212  debug_display_settings           [   0.05159] color: 32 (rgba 8880), depth: 24, stencil: 0, acc: 0000, samples: 0/0
display  D   display_settings.c:527  _al_score_display_settings       [   0.05166] Score is : 897
display  D   display_settings.c:212  debug_display_settings           [   0.05173] color: 32 (rgba 8880), depth: 24, stencil: 0, acc: 0000, samples: 2/1
display  D   display_settings.c:527  _al_score_display_settings       [   0.05180] Score is : 726
display  D   display_settings.c:212  debug_display_settings           [   0.05188] color: 32 (rgba 8880), depth: 24, stencil: 0, acc: 0000, samples: 3/1
display  D   display_settings.c:527  _al_score_display_settings       [   0.05196] Score is : 721
display  D   display_settings.c:212  debug_display_settings           [   0.05202] color: 32 (rgba 8880), depth: 24, stencil: 0, acc: 0000, samples: 4/1
display  D   display_settings.c:527  _al_score_display_settings       [   0.05209] Score is : 717
display  D   display_settings.c:212  debug_display_settings           [   0.05215] color: 32 (rgba 8880), depth: 24, stencil: 0, acc: 0000, samples: 5/1
display  D   display_settings.c:527  _al_score_display_settings       [   0.05220] Score is : 715
display  D   display_settings.c:212  debug_display_settings           [   0.05224] color: 32 (rgba 8880), depth: 24, stencil: 0, acc: 0000, samples: 6/1
display  D   display_settings.c:527  _al_score_display_settings       [   0.05231] Score is : 714
display  D   display_settings.c:212  debug_display_settings           [   0.05236] color: 32 (rgba 8880), depth: 24, stencil: 0, acc: 0000, samples: 7/1
display  D   display_settings.c:527  _al_score_display_settings       [   0.05247] Score is : 713
display  D   display_settings.c:212  debug_display_settings           [   0.05253] color: 32 (rgba 8880), depth: 24, stencil: 0, acc: 0000, samples: 8/1
display  D   display_settings.c:527  _al_score_display_settings       [   0.05260] Score is : 712
display  D   display_settings.c:212  debug_display_settings           [   0.05266] color: 32 (rgba 8880), depth: 16, stencil: 0, acc: 0000, samples: 0/0
display  D   display_settings.c:527  _al_score_display_settings       [   0.05273] Score is : 897
display  D   display_settings.c:212  debug_display_settings           [   0.05278] color: 32 (rgba 8880), depth: 16, stencil: 0, acc: 0000, samples: 0/0
display  D   display_settings.c:527  _al_score_display_settings       [   0.05284] Score is : 897
display  D   display_settings.c:212  debug_display_settings           [   0.05289] color: 32 (rgba 8880), depth: 16, stencil: 0, acc: 0000, samples: 2/1
display  D   display_settings.c:527  _al_score_display_settings       [   0.05295] Score is : 726
display  D   display_settings.c:212  debug_display_settings           [   0.05300] color: 32 (rgba 8880), depth: 16, stencil: 0, acc: 0000, samples: 3/1
display  D   display_settings.c:527  _al_score_display_settings       [   0.05307] Score is : 721
display  D   display_settings.c:212  debug_display_settings           [   0.05314] color: 32 (rgba 8880), depth: 16, stencil: 0, acc: 0000, samples: 4/1
display  D   display_settings.c:527  _al_score_display_settings       [   0.05320] Score is : 717
display  D   display_settings.c:212  debug_display_settings           [   0.05325] color: 32 (rgba 8880), depth: 16, stencil: 0, acc: 0000, samples: 5/1
display  D   display_settings.c:527  _al_score_display_settings       [   0.05332] Score is : 715
display  D   display_settings.c:212  debug_display_settings           [   0.05337] color: 32 (rgba 8880), depth: 16, stencil: 0, acc: 0000, samples: 6/1
display  D   display_settings.c:527  _al_score_display_settings       [   0.05343] Score is : 714
display  D   display_settings.c:212  debug_display_settings           [   0.05349] color: 32 (rgba 8880), depth: 16, stencil: 0, acc: 0000, samples: 7/1
display  D   display_settings.c:527  _al_score_display_settings       [   0.05356] Score is : 713
display  D   display_settings.c:212  debug_display_settings           [   0.05361] color: 32 (rgba 8880), depth: 16, stencil: 0, acc: 0000, samples: 8/1
display  D   display_settings.c:527  _al_score_display_settings       [   0.05366] Score is : 712
display  D   display_settings.c:212  debug_display_settings           [   0.05372] color: 16 (rgba 5650), depth: 0, stencil: 0, acc: 0000, samples: 0/0
display  D   display_settings.c:527  _al_score_display_settings       [   0.05379] Score is : 897
display  D   display_settings.c:212  debug_display_settings           [   0.05385] color: 16 (rgba 5650), depth: 0, stencil: 0, acc: 0000, samples: 0/0
display  D   display_settings.c:527  _al_score_display_settings       [   0.05391] Score is : 897
display  D   display_settings.c:212  debug_display_settings           [   0.05396] color: 16 (rgba 5650), depth: 0, stencil: 0, acc: 0000, samples: 2/1
display  D   display_settings.c:527  _al_score_display_settings       [   0.05401] Score is : 726
display  D   display_settings.c:212  debug_display_settings           [   0.05406] color: 16 (rgba 5650), depth: 0, stencil: 0, acc: 0000, samples: 3/1
display  D   display_settings.c:527  _al_score_display_settings       [   0.05413] Score is : 721
display  D   display_settings.c:212  debug_display_settings           [   0.05418] color: 16 (rgba 5650), depth: 0, stencil: 0, acc: 0000, samples: 4/1
display  D   display_settings.c:527  _al_score_display_settings       [   0.05423] Score is : 717
display  D   display_settings.c:212  debug_display_settings           [   0.05428] color: 16 (rgba 5650), depth: 0, stencil: 0, acc: 0000, samples: 5/1
display  D   display_settings.c:527  _al_score_display_settings       [   0.05434] Score is : 715
display  D   display_settings.c:212  debug_display_settings           [   0.05439] color: 16 (rgba 5650), depth: 0, stencil: 0, acc: 0000, samples: 6/1
display  D   display_settings.c:527  _al_score_display_settings       [   0.05447] Score is : 714
display  D   display_settings.c:212  debug_display_settings           [   0.05454] color: 16 (rgba 5650), depth: 0, stencil: 0, acc: 0000, samples: 7/1
display  D   display_settings.c:527  _al_score_display_settings       [   0.05460] Score is : 713
display  D   display_settings.c:212  debug_display_settings           [   0.05467] color: 16 (rgba 5650), depth: 0, stencil: 0, acc: 0000, samples: 8/1
display  D   display_settings.c:527  _al_score_display_settings       [   0.05474] Score is : 712
display  D   display_settings.c:212  debug_display_settings           [   0.05479] color: 16 (rgba 5650), depth: 24, stencil: 8, acc: 0000, samples: 0/0
display  D   display_settings.c:527  _al_score_display_settings       [   0.05485] Score is : 897
display  D   display_settings.c:212  debug_display_settings           [   0.05491] color: 16 (rgba 5650), depth: 24, stencil: 8, acc: 0000, samples: 0/0
display  D   display_settings.c:527  _al_score_display_settings       [   0.05499] Score is : 897
display  D   display_settings.c:212  debug_display_settings           [   0.05506] color: 16 (rgba 5650), depth: 24, stencil: 8, acc: 0000, samples: 2/1
display  D   display_settings.c:527  _al_score_display_settings       [   0.05513] Score is : 726
display  D   display_settings.c:212  debug_display_settings           [   0.05519] color: 16 (rgba 5650), depth: 24, stencil: 8, acc: 0000, samples: 3/1
display  D   display_settings.c:527  _al_score_display_settings       [   0.05525] Score is : 721
display  D   display_settings.c:212  debug_display_settings           [   0.05529] color: 16 (rgba 5650), depth: 24, stencil: 8, acc: 0000, samples: 4/1
display  D   display_settings.c:527  _al_score_display_settings       [   0.05535] Score is : 717
display  D   display_settings.c:212  debug_display_settings           [   0.05541] color: 16 (rgba 5650), depth: 24, stencil: 8, acc: 0000, samples: 5/1
display  D   display_settings.c:527  _al_score_display_settings       [   0.05547] Score is : 715
display  D   display_settings.c:212  debug_display_settings           [   0.05553] color: 16 (rgba 5650), depth: 24, stencil: 8, acc: 0000, samples: 6/1
display  D   display_settings.c:527  _al_score_display_settings       [   0.05559] Score is : 714
display  D   display_settings.c:212  debug_display_settings           [   0.05564] color: 16 (rgba 5650), depth: 24, stencil: 8, acc: 0000, samples: 7/1
display  D   display_settings.c:527  _al_score_display_settings       [   0.05570] Score is : 713
display  D   display_settings.c:212  debug_display_settings           [   0.05577] color: 16 (rgba 5650), depth: 24, stencil: 8, acc: 0000, samples: 8/1
display  D   display_settings.c:527  _al_score_display_settings       [   0.05583] Score is : 712
display  D   display_settings.c:212  debug_display_settings           [   0.05590] color: 16 (rgba 5650), depth: 24, stencil: 0, acc: 0000, samples: 0/0
display  D   display_settings.c:527  _al_score_display_settings       [   0.05597] Score is : 897
display  D   display_settings.c:212  debug_display_settings           [   0.05603] color: 16 (rgba 5650), depth: 24, stencil: 0, acc: 0000, samples: 0/0
display  D   display_settings.c:527  _al_score_display_settings       [   0.05611] Score is : 897
display  D   display_settings.c:212  debug_display_settings           [   0.05617] color: 16 (rgba 5650), depth: 24, stencil: 0, acc: 0000, samples: 2/1
display  D   display_settings.c:527  _al_score_display_settings       [   0.05623] Score is : 726
display  D   display_settings.c:212  debug_display_settings           [   0.05629] color: 16 (rgba 5650), depth: 24, stencil: 0, acc: 0000, samples: 3/1
display  D   display_settings.c:527  _al_score_display_settings       [   0.05636] Score is : 721
display  D   display_settings.c:212  debug_display_settings           [   0.05642] color: 16 (rgba 5650), depth: 24, stencil: 0, acc: 0000, samples: 4/1
display  D   display_settings.c:527  _al_score_display_settings       [   0.05648] Score is : 717
display  D   display_settings.c:212  debug_display_settings           [   0.05653] color: 16 (rgba 5650), depth: 24, stencil: 0, acc: 0000, samples: 5/1
display  D   display_settings.c:527  _al_score_display_settings       [   0.05659] Score is : 715
display  D   display_settings.c:212  debug_display_settings           [   0.05665] color: 16 (rgba 5650), depth: 24, stencil: 0, acc: 0000, samples: 6/1
display  D   display_settings.c:527  _al_score_display_settings       [   0.05672] Score is : 714
display  D   display_settings.c:212  debug_display_settings           [   0.05677] color: 16 (rgba 5650), depth: 24, stencil: 0, acc: 0000, samples: 7/1
display  D   display_settings.c:527  _al_score_display_settings       [   0.05684] Score is : 713
display  D   display_settings.c:212  debug_display_settings           [   0.05689] color: 16 (rgba 5650), depth: 24, stencil: 0, acc: 0000, samples: 8/1
display  D   display_settings.c:527  _al_score_display_settings       [   0.05695] Score is : 712
display  D   display_settings.c:212  debug_display_settings           [   0.05700] color: 16 (rgba 5650), depth: 16, stencil: 0, acc: 0000, samples: 0/0
display  D   display_settings.c:527  _al_score_display_settings       [   0.05705] Score is : 897
display  D   display_settings.c:212  debug_display_settings           [   0.05711] color: 16 (rgba 5650), depth: 16, stencil: 0, acc: 0000, samples: 0/0
display  D   display_settings.c:527  _al_score_display_settings       [   0.05718] Score is : 897
display  D   display_settings.c:212  debug_display_settings           [   0.05723] color: 16 (rgba 5650), depth: 16, stencil: 0, acc: 0000, samples: 2/1
display  D   display_settings.c:527  _al_score_display_settings       [   0.05729] Score is : 726
display  D   display_settings.c:212  debug_display_settings           [   0.05735] color: 16 (rgba 5650), depth: 16, stencil: 0, acc: 0000, samples: 3/1
display  D   display_settings.c:527  _al_score_display_settings       [   0.05741] Score is : 721
display  D   display_settings.c:212  debug_display_settings           [   0.05747] color: 16 (rgba 5650), depth: 16, stencil: 0, acc: 0000, samples: 4/1
display  D   display_settings.c:527  _al_score_display_settings       [   0.05753] Score is : 717
display  D   display_settings.c:212  debug_display_settings           [   0.05758] color: 16 (rgba 5650), depth: 16, stencil: 0, acc: 0000, samples: 5/1
display  D   display_settings.c:527  _al_score_display_settings       [   0.05763] Score is : 715
display  D   display_settings.c:212  debug_display_settings           [   0.05769] color: 16 (rgba 5650), depth: 16, stencil: 0, acc: 0000, samples: 6/1
display  D   display_settings.c:527  _al_score_display_settings       [   0.05775] Score is : 714
display  D   display_settings.c:212  debug_display_settings           [   0.05779] color: 16 (rgba 5650), depth: 16, stencil: 0, acc: 0000, samples: 7/1
display  D   display_settings.c:527  _al_score_display_settings       [   0.05784] Score is : 713
display  D   display_settings.c:212  debug_display_settings           [   0.05790] color: 16 (rgba 5650), depth: 16, stencil: 0, acc: 0000, samples: 8/1
display  D   display_settings.c:527  _al_score_display_settings       [   0.05795] Score is : 712
display  D   display_settings.c:212  debug_display_settings           [   0.05801] color: 32 (rgba 8880), depth: 0, stencil: 0, acc: 0000, samples: 0/0
display  D   display_settings.c:398  _al_score_display_settings       [   0.05807] Single Buffer requirement not met.
display  D   display_settings.c:212  debug_display_settings           [   0.05812] color: 32 (rgba 8880), depth: 0, stencil: 0, acc: 0000, samples: 0/0
display  D   display_settings.c:398  _al_score_display_settings       [   0.05820] Single Buffer requirement not met.
display  D   display_settings.c:212  debug_display_settings           [   0.05826] color: 32 (rgba 8880), depth: 0, stencil: 0, acc: 0000, samples: 2/1
display  D   display_settings.c:398  _al_score_display_settings       [   0.05833] Single Buffer requirement not met.
display  D   display_settings.c:212  debug_display_settings           [   0.05839] color: 32 (rgba 8880), depth: 0, stencil: 0, acc: 0000, samples: 3/1
display  D   display_settings.c:398  _al_score_display_settings       [   0.05845] Single Buffer requirement not met.
display  D   display_settings.c:212  debug_display_settings           [   0.05851] color: 32 (rgba 8880), depth: 0, stencil: 0, acc: 0000, samples: 4/1
display  D   display_settings.c:398  _al_score_display_settings       [   0.05857] Single Buffer requirement not met.
display  D   display_settings.c:212  debug_display_settings           [   0.05862] color: 32 (rgba 8880), depth: 0, stencil: 0, acc: 0000, samples: 5/1
display  D   display_settings.c:398  _al_score_display_settings       [   0.05867] Single Buffer requirement not met.
display  D   display_settings.c:212  debug_display_settings           [   0.05873] color: 32 (rgba 8880), depth: 0, stencil: 0, acc: 0000, samples: 6/1
display  D   display_settings.c:398  _al_score_display_settings       [   0.05879] Single Buffer requirement not met.
display  D   display_settings.c:212  debug_display_settings           [   0.05884] color: 32 (rgba 8880), depth: 0, stencil: 0, acc: 0000, samples: 7/1
display  D   display_settings.c:398  _al_score_display_settings       [   0.05890] Single Buffer requirement not met.
display  D   display_settings.c:212  debug_display_settings           [   0.05896] color: 32 (rgba 8880), depth: 0, stencil: 0, acc: 0000, samples: 8/1
display  D   display_settings.c:398  _al_score_display_settings       [   0.05902] Single Buffer requirement not met.
display  D   display_settings.c:212  debug_display_settings           [   0.05908] color: 32 (rgba 8880), depth: 24, stencil: 8, acc: 0000, samples: 0/0
display  D   display_settings.c:398  _al_score_display_settings       [   0.05915] Single Buffer requirement not met.
display  D   display_settings.c:212  debug_display_settings           [   0.05923] color: 32 (rgba 8880), depth: 24, stencil: 8, acc: 0000, samples: 0/0
display  D   display_settings.c:398  _al_score_display_settings       [   0.05930] Single Buffer requirement not met.
display  D   display_settings.c:212  debug_display_settings           [   0.05937] color: 32 (rgba 8880), depth: 24, stencil: 8, acc: 0000, samples: 2/1
display  D   display_settings.c:398  _al_score_display_settings       [   0.05952] Single Buffer requirement not met.
display  D   display_settings.c:212  debug_display_settings           [   0.05960] color: 32 (rgba 8880), depth: 24, stencil: 8, acc: 0000, samples: 3/1
display  D   display_settings.c:398  _al_score_display_settings       [   0.05966] Single Buffer requirement not met.
display  D   display_settings.c:212  debug_display_settings           [   0.05972] color: 32 (rgba 8880), depth: 24, stencil: 8, acc: 0000, samples: 4/1
display  D   display_settings.c:398  _al_score_display_settings       [   0.05979] Single Buffer requirement not met.
display  D   display_settings.c:212  debug_display_settings           [   0.05988] color: 32 (rgba 8880), depth: 24, stencil: 8, acc: 0000, samples: 5/1
display  D   display_settings.c:398  _al_score_display_settings       [   0.05996] Single Buffer requirement not met.
display  D   display_settings.c:212  debug_display_settings           [   0.06003] color: 32 (rgba 8880), depth: 24, stencil: 8, acc: 0000, samples: 6/1
display  D   display_settings.c:398  _al_score_display_settings       [   0.06011] Single Buffer requirement not met.
display  D   display_settings.c:212  debug_display_settings           [   0.06018] color: 32 (rgba 8880), depth: 24, stencil: 8, acc: 0000, samples: 7/1
display  D   display_settings.c:398  _al_score_display_settings       [   0.06026] Single Buffer requirement not met.
display  D   display_settings.c:212  debug_display_settings           [   0.06032] color: 32 (rgba 8880), depth: 24, stencil: 8, acc: 0000, samples: 8/1
display  D   display_settings.c:398  _al_score_display_settings       [   0.06038] Single Buffer requirement not met.
display  D   display_settings.c:212  debug_display_settings           [   0.06045] color: 32 (rgba 8880), depth: 24, stencil: 0, acc: 0000, samples: 0/0
display  D   display_settings.c:398  _al_score_display_settings       [   0.06051] Single Buffer requirement not met.
display  D   display_settings.c:212  debug_display_settings           [   0.06057] color: 32 (rgba 8880), depth: 24, stencil: 0, acc: 0000, samples: 0/0
display  D   display_settings.c:398  _al_score_display_settings       [   0.06063] Single Buffer requirement not met.
display  D   display_settings.c:212  debug_display_settings           [   0.06069] color: 32 (rgba 8880), depth: 24, stencil: 0, acc: 0000, samples: 2/1
display  D   display_settings.c:398  _al_score_display_settings       [   0.06074] Single Buffer requirement not met.
display  D   display_settings.c:212  debug_display_settings           [   0.06079] color: 32 (rgba 8880), depth: 24, stencil: 0, acc: 0000, samples: 3/1
display  D   display_settings.c:398  _al_score_display_settings       [   0.06086] Single Buffer requirement not met.
display  D   display_settings.c:212  debug_display_settings           [   0.06092] color: 32 (rgba 8880), depth: 24, stencil: 0, acc: 0000, samples: 4/1
display  D   display_settings.c:398  _al_score_display_settings       [   0.06098] Single Buffer requirement not met.
display  D   display_settings.c:212  debug_display_settings           [   0.06103] color: 32 (rgba 8880), depth: 24, stencil: 0, acc: 0000, samples: 5/1
display  D   display_settings.c:398  _al_score_display_settings       [   0.06110] Single Buffer requirement not met.
display  D   display_settings.c:212  debug_display_settings           [   0.06116] color: 32 (rgba 8880), depth: 24, stencil: 0, acc: 0000, samples: 6/1
display  D   display_settings.c:398  _al_score_display_settings       [   0.06123] Single Buffer requirement not met.
display  D   display_settings.c:212  debug_display_settings           [   0.06130] color: 32 (rgba 8880), depth: 24, stencil: 0, acc: 0000, samples: 7/1
display  D   display_settings.c:398  _al_score_display_settings       [   0.06138] Single Buffer requirement not met.
display  D   display_settings.c:212  debug_display_settings           [   0.06144] color: 32 (rgba 8880), depth: 24, stencil: 0, acc: 0000, samples: 8/1
display  D   display_settings.c:398  _al_score_display_settings       [   0.06151] Single Buffer requirement not met.
display  D   display_settings.c:212  debug_display_settings           [   0.06156] color: 32 (rgba 8880), depth: 16, stencil: 0, acc: 0000, samples: 0/0
display  D   display_settings.c:398  _al_score_display_settings       [   0.06162] Single Buffer requirement not met.
display  D   display_settings.c:212  debug_display_settings           [   0.06167] color: 32 (rgba 8880), depth: 16, stencil: 0, acc: 0000, samples: 0/0
display  D   display_settings.c:398  _al_score_display_settings       [   0.06174] Single Buffer requirement not met.
display  D   display_settings.c:212  debug_display_settings           [   0.06181] color: 32 (rgba 8880), depth: 16, stencil: 0, acc: 0000, samples: 2/1
display  D   display_settings.c:398  _al_score_display_settings       [   0.06189] Single Buffer requirement not met.
display  D   display_settings.c:212  debug_display_settings           [   0.06195] color: 32 (rgba 8880), depth: 16, stencil: 0, acc: 0000, samples: 3/1
display  D   display_settings.c:398  _al_score_display_settings       [   0.06201] Single Buffer requirement not met.
display  D   display_settings.c:212  debug_display_settings           [   0.06209] color: 32 (rgba 8880), depth: 16, stencil: 0, acc: 0000, samples: 4/1
display  D   display_settings.c:398  _al_score_display_settings       [   0.06218] Single Buffer requirement not met.
display  D   display_settings.c:212  debug_display_settings           [   0.06225] color: 32 (rgba 8880), depth: 16, stencil: 0, acc: 0000, samples: 5/1
display  D   display_settings.c:398  _al_score_display_settings       [   0.06231] Single Buffer requirement not met.
display  D   display_settings.c:212  debug_display_settings           [   0.06236] color: 32 (rgba 8880), depth: 16, stencil: 0, acc: 0000, samples: 6/1
display  D   display_settings.c:398  _al_score_display_settings       [   0.06244] Single Buffer requirement not met.
display  D   display_settings.c:212  debug_display_settings           [   0.06249] color: 32 (rgba 8880), depth: 16, stencil: 0, acc: 0000, samples: 7/1
display  D   display_settings.c:398  _al_score_display_settings       [   0.06255] Single Buffer requirement not met.
display  D   display_settings.c:212  debug_display_settings           [   0.06260] color: 32 (rgba 8880), depth: 16, stencil: 0, acc: 0000, samples: 8/1
display  D   display_settings.c:398  _al_score_display_settings       [   0.06267] Single Buffer requirement not met.
display  D   display_settings.c:212  debug_display_settings           [   0.06275] color: 16 (rgba 5650), depth: 0, stencil: 0, acc: 0000, samples: 0/0
display  D   display_settings.c:398  _al_score_display_settings       [   0.06283] Single Buffer requirement not met.
display  D   display_settings.c:212  debug_display_settings           [   0.06289] color: 16 (rgba 5650), depth: 0, stencil: 0, acc: 0000, samples: 0/0
display  D   display_settings.c:398  _al_score_display_settings       [   0.06294] Single Buffer requirement not met.
display  D   display_settings.c:212  debug_display_settings           [   0.06299] color: 16 (rgba 5650), depth: 0, stencil: 0, acc: 0000, samples: 2/1
display  D   display_settings.c:398  _al_score_display_settings       [   0.06305] Single Buffer requirement not met.
display  D   display_settings.c:212  debug_display_settings           [   0.06310] color: 16 (rgba 5650), depth: 0, stencil: 0, acc: 0000, samples: 3/1
display  D   display_settings.c:398  _al_score_display_settings       [   0.06316] Single Buffer requirement not met.
display  D   display_settings.c:212  debug_display_settings           [   0.06321] color: 16 (rgba 5650), depth: 0, stencil: 0, acc: 0000, samples: 4/1
display  D   display_settings.c:398  _al_score_display_settings       [   0.06327] Single Buffer requirement not met.
display  D   display_settings.c:212  debug_display_settings           [   0.06439] color: 16 (rgba 5650), depth: 0, stencil: 0, acc: 0000, samples: 5/1
display  D   display_settings.c:398  _al_score_display_settings       [   0.06577] Single Buffer requirement not met.
display  D   display_settings.c:212  debug_display_settings           [   0.06597] color: 16 (rgba 5650), depth: 0, stencil: 0, acc: 0000, samples: 6/1
display  D   display_settings.c:398  _al_score_display_settings       [   0.06662] Single Buffer requirement not met.
display  D   display_settings.c:212  debug_display_settings           [   0.06682] color: 16 (rgba 5650), depth: 0, stencil: 0, acc: 0000, samples: 7/1
display  D   display_settings.c:398  _al_score_display_settings       [   0.06690] Single Buffer requirement not met.
display  D   display_settings.c:212  debug_display_settings           [   0.06698] color: 16 (rgba 5650), depth: 0, stencil: 0, acc: 0000, samples: 8/1
display  D   display_settings.c:398  _al_score_display_settings       [   0.06705] Single Buffer requirement not met.
display  D   display_settings.c:212  debug_display_settings           [   0.06714] color: 16 (rgba 5650), depth: 24, stencil: 8, acc: 0000, samples: 0/0
display  D   display_settings.c:398  _al_score_display_settings       [   0.06722] Single Buffer requirement not met.
display  D   display_settings.c:212  debug_display_settings           [   0.06729] color: 16 (rgba 5650), depth: 24, stencil: 8, acc: 0000, samples: 0/0
display  D   display_settings.c:398  _al_score_display_settings       [   0.06736] Single Buffer requirement not met.
display  D   display_settings.c:212  debug_display_settings           [   0.06747] color: 16 (rgba 5650), depth: 24, stencil: 8, acc: 0000, samples: 2/1
display  D   display_settings.c:398  _al_score_display_settings       [   0.06754] Single Buffer requirement not met.
display  D   display_settings.c:212  debug_display_settings           [   0.06759] color: 16 (rgba 5650), depth: 24, stencil: 8, acc: 0000, samples: 3/1
display  D   display_settings.c:398  _al_score_display_settings       [   0.06765] Single Buffer requirement not met.
display  D   display_settings.c:212  debug_display_settings           [   0.06770] color: 16 (rgba 5650), depth: 24, stencil: 8, acc: 0000, samples: 4/1
display  D   display_settings.c:398  _al_score_display_settings       [   0.06779] Single Buffer requirement not met.
display  D   display_settings.c:212  debug_display_settings           [   0.06790] color: 16 (rgba 5650), depth: 24, stencil: 8, acc: 0000, samples: 5/1
display  D   display_settings.c:398  _al_score_display_settings       [   0.06825] Single Buffer requirement not met.
display  D   display_settings.c:212  debug_display_settings           [   0.06833] color: 16 (rgba 5650), depth: 24, stencil: 8, acc: 0000, samples: 6/1
display  D   display_settings.c:398  _al_score_display_settings       [   0.06878] Single Buffer requirement not met.
display  D   display_settings.c:212  debug_display_settings           [   0.06885] color: 16 (rgba 5650), depth: 24, stencil: 8, acc: 0000, samples: 7/1
display  D   display_settings.c:398  _al_score_display_settings       [   0.06891] Single Buffer requirement not met.
display  D   display_settings.c:212  debug_display_settings           [   0.06896] color: 16 (rgba 5650), depth: 24, stencil: 8, acc: 0000, samples: 8/1
display  D   display_settings.c:398  _al_score_display_settings       [   0.06902] Single Buffer requirement not met.
display  D   display_settings.c:212  debug_display_settings           [   0.06907] color: 16 (rgba 5650), depth: 24, stencil: 0, acc: 0000, samples: 0/0
display  D   display_settings.c:398  _al_score_display_settings       [   0.06913] Single Buffer requirement not met.
display  D   display_settings.c:212  debug_display_settings           [   0.06918] color: 16 (rgba 5650), depth: 24, stencil: 0, acc: 0000, samples: 0/0
display  D   display_settings.c:398  _al_score_display_settings       [   0.06927] Single Buffer requirement not met.
display  D   display_settings.c:212  debug_display_settings           [   0.06934] color: 16 (rgba 5650), depth: 24, stencil: 0, acc: 0000, samples: 2/1
display  D   display_settings.c:398  _al_score_display_settings       [   0.06939] Single Buffer requirement not met.
display  D   display_settings.c:212  debug_display_settings           [   0.06945] color: 16 (rgba 5650), depth: 24, stencil: 0, acc: 0000, samples: 3/1
display  D   display_settings.c:398  _al_score_display_settings       [   0.06951] Single Buffer requirement not met.
display  D   display_settings.c:212  debug_display_settings           [   0.06957] color: 16 (rgba 5650), depth: 24, stencil: 0, acc: 0000, samples: 4/1
display  D   display_settings.c:398  _al_score_display_settings       [   0.06964] Single Buffer requirement not met.
display  D   display_settings.c:212  debug_display_settings           [   0.06970] color: 16 (rgba 5650), depth: 24, stencil: 0, acc: 0000, samples: 5/1
display  D   display_settings.c:398  _al_score_display_settings       [   0.06975] Single Buffer requirement not met.
display  D   display_settings.c:212  debug_display_settings           [   0.06980] color: 16 (rgba 5650), depth: 24, stencil: 0, acc: 0000, samples: 6/1
display  D   display_settings.c:398  _al_score_display_settings       [   0.06987] Single Buffer requirement not met.
display  D   display_settings.c:212  debug_display_settings           [   0.06995] color: 16 (rgba 5650), depth: 24, stencil: 0, acc: 0000, samples: 7/1
display  D   display_settings.c:398  _al_score_display_settings       [   0.07002] Single Buffer requirement not met.
display  D   display_settings.c:212  debug_display_settings           [   0.07013] color: 16 (rgba 5650), depth: 24, stencil: 0, acc: 0000, samples: 8/1
display  D   display_settings.c:398  _al_score_display_settings       [   0.07020] Single Buffer requirement not met.
display  D   display_settings.c:212  debug_display_settings           [   0.07025] color: 16 (rgba 5650), depth: 16, stencil: 0, acc: 0000, samples: 0/0
display  D   display_settings.c:398  _al_score_display_settings       [   0.07030] Single Buffer requirement not met.
display  D   display_settings.c:212  debug_display_settings           [   0.07035] color: 16 (rgba 5650), depth: 16, stencil: 0, acc: 0000, samples: 0/0
display  D   display_settings.c:398  _al_score_display_settings       [   0.07041] Single Buffer requirement not met.
display  D   display_settings.c:212  debug_display_settings           [   0.07046] color: 16 (rgba 5650), depth: 16, stencil: 0, acc: 0000, samples: 2/1
display  D   display_settings.c:398  _al_score_display_settings       [   0.07051] Single Buffer requirement not met.
display  D   display_settings.c:212  debug_display_settings           [   0.07056] color: 16 (rgba 5650), depth: 16, stencil: 0, acc: 0000, samples: 3/1
display  D   display_settings.c:398  _al_score_display_settings       [   0.07063] Single Buffer requirement not met.
display  D   display_settings.c:212  debug_display_settings           [   0.07069] color: 16 (rgba 5650), depth: 16, stencil: 0, acc: 0000, samples: 4/1
display  D   display_settings.c:398  _al_score_display_settings       [   0.07075] Single Buffer requirement not met.
display  D   display_settings.c:212  debug_display_settings           [   0.07081] color: 16 (rgba 5650), depth: 16, stencil: 0, acc: 0000, samples: 5/1
display  D   display_settings.c:398  _al_score_display_settings       [   0.07088] Single Buffer requirement not met.
display  D   display_settings.c:212  debug_display_settings           [   0.07097] color: 16 (rgba 5650), depth: 16, stencil: 0, acc: 0000, samples: 6/1
display  D   display_settings.c:398  _al_score_display_settings       [   0.07104] Single Buffer requirement not met.
display  D   display_settings.c:212  debug_display_settings           [   0.07110] color: 16 (rgba 5650), depth: 16, stencil: 0, acc: 0000, samples: 7/1
display  D   display_settings.c:398  _al_score_display_settings       [   0.07116] Single Buffer requirement not met.
display  D   display_settings.c:212  debug_display_settings           [   0.07121] color: 16 (rgba 5650), depth: 16, stencil: 0, acc: 0000, samples: 8/1
display  D   display_settings.c:398  _al_score_display_settings       [   0.07128] Single Buffer requirement not met.
display  D   display_settings.c:212  debug_display_settings           [   0.07134] color: 32 (rgba 8880), depth: 0, stencil: 0, acc: 0000, samples: 0/0
display  D   display_settings.c:527  _al_score_display_settings       [   0.07139] Score is : 769
display  D   display_settings.c:212  debug_display_settings           [   0.07145] color: 32 (rgba 8880), depth: 0, stencil: 0, acc: 0000, samples: 0/0
display  D   display_settings.c:527  _al_score_display_settings       [   0.07152] Score is : 769
display  D   display_settings.c:212  debug_display_settings           [   0.07163] color: 32 (rgba 8880), depth: 0, stencil: 0, acc: 0000, samples: 2/1
display  D   display_settings.c:527  _al_score_display_settings       [   0.07172] Score is : 598
display  D   display_settings.c:212  debug_display_settings           [   0.07184] color: 32 (rgba 8880), depth: 0, stencil: 0, acc: 0000, samples: 3/1
display  D   display_settings.c:527  _al_score_display_settings       [   0.07196] Score is : 593
display  D   display_settings.c:212  debug_display_settings           [   0.07215] color: 32 (rgba 8880), depth: 0, stencil: 0, acc: 0000, samples: 4/1
display  D   display_settings.c:527  _al_score_display_settings       [   0.07224] Score is : 589
display  D   display_settings.c:212  debug_display_settings           [   0.07231] color: 32 (rgba 8880), depth: 0, stencil: 0, acc: 0000, samples: 5/1
display  D   display_settings.c:527  _al_score_display_settings       [   0.07244] Score is : 587
display  D   display_settings.c:212  debug_display_settings           [   0.07250] color: 32 (rgba 8880), depth: 0, stencil: 0, acc: 0000, samples: 6/1
display  D   display_settings.c:527  _al_score_display_settings       [   0.07259] Score is : 586
display  D   display_settings.c:212  debug_display_settings           [   0.07268] color: 32 (rgba 8880), depth: 0, stencil: 0, acc: 0000, samples: 7/1
display  D   display_settings.c:527  _al_score_display_settings       [   0.07276] Score is : 585
display  D   display_settings.c:212  debug_display_settings           [   0.07284] color: 32 (rgba 8880), depth: 0, stencil: 0, acc: 0000, samples: 8/1
display  D   display_settings.c:527  _al_score_display_settings       [   0.07292] Score is : 584
display  D   display_settings.c:212  debug_display_settings           [   0.07301] color: 32 (rgba 8880), depth: 24, stencil: 8, acc: 0000, samples: 0/0
display  D   display_settings.c:527  _al_score_display_settings       [   0.07310] Score is : 769
display  D   display_settings.c:212  debug_display_settings           [   0.07322] color: 32 (rgba 8880), depth: 24, stencil: 8, acc: 0000, samples: 0/0
display  D   display_settings.c:527  _al_score_display_settings       [   0.07331] Score is : 769
display  D   display_settings.c:212  debug_display_settings           [   0.07340] color: 32 (rgba 8880), depth: 24, stencil: 8, acc: 0000, samples: 2/1
display  D   display_settings.c:527  _al_score_display_settings       [   0.07351] Score is : 598
display  D   display_settings.c:212  debug_display_settings           [   0.07360] color: 32 (rgba 8880), depth: 24, stencil: 8, acc: 0000, samples: 3/1
display  D   display_settings.c:527  _al_score_display_settings       [   0.07369] Score is : 593
display  D   display_settings.c:212  debug_display_settings           [   0.07376] color: 32 (rgba 8880), depth: 24, stencil: 8, acc: 0000, samples: 4/1
display  D   display_settings.c:527  _al_score_display_settings       [   0.07385] Score is : 589
display  D   display_settings.c:212  debug_display_settings           [   0.07392] color: 32 (rgba 8880), depth: 24, stencil: 8, acc: 0000, samples: 5/1
display  D   display_settings.c:527  _al_score_display_settings       [   0.07399] Score is : 587
display  D   display_settings.c:212  debug_display_settings           [   0.07405] color: 32 (rgba 8880), depth: 24, stencil: 8, acc: 0000, samples: 6/1
display  D   display_settings.c:527  _al_score_display_settings       [   0.07413] Score is : 586
display  D   display_settings.c:212  debug_display_settings           [   0.07422] color: 32 (rgba 8880), depth: 24, stencil: 8, acc: 0000, samples: 7/1
display  D   display_settings.c:527  _al_score_display_settings       [   0.07430] Score is : 585
display  D   display_settings.c:212  debug_display_settings           [   0.07436] color: 32 (rgba 8880), depth: 24, stencil: 8, acc: 0000, samples: 8/1
display  D   display_settings.c:527  _al_score_display_settings       [   0.07444] Score is : 584
display  D   display_settings.c:212  debug_display_settings           [   0.07450] color: 32 (rgba 8880), depth: 24, stencil: 0, acc: 0000, samples: 0/0
display  D   display_settings.c:527  _al_score_display_settings       [   0.07456] Score is : 769
display  D   display_settings.c:212  debug_display_settings           [   0.07462] color: 32 (rgba 8880), depth: 24, stencil: 0, acc: 0000, samples: 0/0
display  D   display_settings.c:527  _al_score_display_settings       [   0.07469] Score is : 769
display  D   display_settings.c:212  debug_display_settings           [   0.07476] color: 32 (rgba 8880), depth: 24, stencil: 0, acc: 0000, samples: 2/1
display  D   display_settings.c:527  _al_score_display_settings       [   0.07481] Score is : 598
display  D   display_settings.c:212  debug_display_settings           [   0.07488] color: 32 (rgba 8880), depth: 24, stencil: 0, acc: 0000, samples: 3/1
display  D   display_settings.c:527  _al_score_display_settings       [   0.07500] Score is : 593
display  D   display_settings.c:212  debug_display_settings           [   0.07507] color: 32 (rgba 8880), depth: 24, stencil: 0, acc: 0000, samples: 4/1
display  D   display_settings.c:527  _al_score_display_settings       [   0.07516] Score is : 589
display  D   display_settings.c:212  debug_display_settings           [   0.07526] color: 32 (rgba 8880), depth: 24, stencil: 0, acc: 0000, samples: 5/1
display  D   display_settings.c:527  _al_score_display_settings       [   0.07536] Score is : 587
display  D   display_settings.c:212  debug_display_settings           [   0.07544] color: 32 (rgba 8880), depth: 24, stencil: 0, acc: 0000, samples: 6/1
display  D   display_settings.c:527  _al_score_display_settings       [   0.07553] Score is : 586
display  D   display_settings.c:212  debug_display_settings           [   0.07563] color: 32 (rgba 8880), depth: 24, stencil: 0, acc: 0000, samples: 7/1
display  D   display_settings.c:527  _al_score_display_settings       [   0.07572] Score is : 585
display  D   display_settings.c:212  debug_display_settings           [   0.07579] color: 32 (rgba 8880), depth: 24, stencil: 0, acc: 0000, samples: 8/1
display  D   display_settings.c:527  _al_score_display_settings       [   0.07586] Score is : 584
display  D   display_settings.c:212  debug_display_settings           [   0.07592] color: 32 (rgba 8880), depth: 16, stencil: 0, acc: 0000, samples: 0/0
display  D   display_settings.c:527  _al_score_display_settings       [   0.07598] Score is : 769
display  D   display_settings.c:212  debug_display_settings           [   0.07603] color: 32 (rgba 8880), depth: 16, stencil: 0, acc: 0000, samples: 0/0
display  D   display_settings.c:527  _al_score_display_settings       [   0.07608] Score is : 769
display  D   display_settings.c:212  debug_display_settings           [   0.07613] color: 32 (rgba 8880), depth: 16, stencil: 0, acc: 0000, samples: 2/1
display  D   display_settings.c:527  _al_score_display_settings       [   0.07619] Score is : 598
display  D   display_settings.c:212  debug_display_settings           [   0.07626] color: 32 (rgba 8880), depth: 16, stencil: 0, acc: 0000, samples: 3/1
display  D   display_settings.c:527  _al_score_display_settings       [   0.07634] Score is : 593
display  D   display_settings.c:212  debug_display_settings           [   0.07640] color: 32 (rgba 8880), depth: 16, stencil: 0, acc: 0000, samples: 4/1
display  D   display_settings.c:527  _al_score_display_settings       [   0.07645] Score is : 589
display  D   display_settings.c:212  debug_display_settings           [   0.07652] color: 32 (rgba 8880), depth: 16, stencil: 0, acc: 0000, samples: 5/1
display  D   display_settings.c:527  _al_score_display_settings       [   0.07660] Score is : 587
display  D   display_settings.c:212  debug_display_settings           [   0.07667] color: 32 (rgba 8880), depth: 16, stencil: 0, acc: 0000, samples: 6/1
display  D   display_settings.c:527  _al_score_display_settings       [   0.07675] Score is : 586
display  D   display_settings.c:212  debug_display_settings           [   0.07681] color: 32 (rgba 8880), depth: 16, stencil: 0, acc: 0000, samples: 7/1
display  D   display_settings.c:527  _al_score_display_settings       [   0.07689] Score is : 585
display  D   display_settings.c:212  debug_display_settings           [   0.07697] color: 32 (rgba 8880), depth: 16, stencil: 0, acc: 0000, samples: 8/1
display  D   display_settings.c:527  _al_score_display_settings       [   0.07704] Score is : 584
display  D   display_settings.c:212  debug_display_settings           [   0.07711] color: 16 (rgba 5650), depth: 0, stencil: 0, acc: 0000, samples: 0/0
display  D   display_settings.c:527  _al_score_display_settings       [   0.07720] Score is : 769
display  D   display_settings.c:212  debug_display_settings           [   0.07726] color: 16 (rgba 5650), depth: 0, stencil: 0, acc: 0000, samples: 0/0
display  D   display_settings.c:527  _al_score_display_settings       [   0.07733] Score is : 769
display  D   display_settings.c:212  debug_display_settings           [   0.07739] color: 16 (rgba 5650), depth: 0, stencil: 0, acc: 0000, samples: 2/1
display  D   display_settings.c:527  _al_score_display_settings       [   0.07745] Score is : 598
display  D   display_settings.c:212  debug_display_settings           [   0.07750] color: 16 (rgba 5650), depth: 0, stencil: 0, acc: 0000, samples: 3/1
display  D   display_settings.c:527  _al_score_display_settings       [   0.07756] Score is : 593
display  D   display_settings.c:212  debug_display_settings           [   0.07763] color: 16 (rgba 5650), depth: 0, stencil: 0, acc: 0000, samples: 4/1
display  D   display_settings.c:527  _al_score_display_settings       [   0.07769] Score is : 589
display  D   display_settings.c:212  debug_display_settings           [   0.07775] color: 16 (rgba 5650), depth: 0, stencil: 0, acc: 0000, samples: 5/1
display  D   display_settings.c:527  _al_score_display_settings       [   0.07782] Score is : 587
display  D   display_settings.c:212  debug_display_settings           [   0.07790] color: 16 (rgba 5650), depth: 0, stencil: 0, acc: 0000, samples: 6/1
display  D   display_settings.c:527  _al_score_display_settings       [   0.07797] Score is : 586
display  D   display_settings.c:212  debug_display_settings           [   0.07804] color: 16 (rgba 5650), depth: 0, stencil: 0, acc: 0000, samples: 7/1
display  D   display_settings.c:527  _al_score_display_settings       [   0.07811] Score is : 585
display  D   display_settings.c:212  debug_display_settings           [   0.07817] color: 16 (rgba 5650), depth: 0, stencil: 0, acc: 0000, samples: 8/1
display  D   display_settings.c:527  _al_score_display_settings       [   0.07823] Score is : 584
display  D   display_settings.c:212  debug_display_settings           [   0.07829] color: 16 (rgba 5650), depth: 24, stencil: 8, acc: 0000, samples: 0/0
display  D   display_settings.c:527  _al_score_display_settings       [   0.07836] Score is : 769
display  D   display_settings.c:212  debug_display_settings           [   0.07843] color: 16 (rgba 5650), depth: 24, stencil: 8, acc: 0000, samples: 0/0
display  D   display_settings.c:527  _al_score_display_settings       [   0.07850] Score is : 769
display  D   display_settings.c:212  debug_display_settings           [   0.07856] color: 16 (rgba 5650), depth: 24, stencil: 8, acc: 0000, samples: 2/1
display  D   display_settings.c:527  _al_score_display_settings       [   0.07864] Score is : 598
display  D   display_settings.c:212  debug_display_settings           [   0.07871] color: 16 (rgba 5650), depth: 24, stencil: 8, acc: 0000, samples: 3/1
display  D   display_settings.c:527  _al_score_display_settings       [   0.07879] Score is : 593
display  D   display_settings.c:212  debug_display_settings           [   0.07885] color: 16 (rgba 5650), depth: 24, stencil: 8, acc: 0000, samples: 4/1
display  D   display_settings.c:527  _al_score_display_settings       [   0.07892] Score is : 589
display  D   display_settings.c:212  debug_display_settings           [   0.07899] color: 16 (rgba 5650), depth: 24, stencil: 8, acc: 0000, samples: 5/1
display  D   display_settings.c:527  _al_score_display_settings       [   0.07905] Score is : 587
display  D   display_settings.c:212  debug_display_settings           [   0.07912] color: 16 (rgba 5650), depth: 24, stencil: 8, acc: 0000, samples: 6/1
display  D   display_settings.c:527  _al_score_display_settings       [   0.07921] Score is : 586
display  D   display_settings.c:212  debug_display_settings           [   0.07929] color: 16 (rgba 5650), depth: 24, stencil: 8, acc: 0000, samples: 7/1
display  D   display_settings.c:527  _al_score_display_settings       [   0.07938] Score is : 585
display  D   display_settings.c:212  debug_display_settings           [   0.07949] color: 16 (rgba 5650), depth: 24, stencil: 8, acc: 0000, samples: 8/1
display  D   display_settings.c:527  _al_score_display_settings       [   0.07958] Score is : 584
display  D   display_settings.c:212  debug_display_settings           [   0.07966] color: 16 (rgba 5650), depth: 24, stencil: 0, acc: 0000, samples: 0/0
display  D   display_settings.c:527  _al_score_display_settings       [   0.07974] Score is : 769
display  D   display_settings.c:212  debug_display_settings           [   0.07981] color: 16 (rgba 5650), depth: 24, stencil: 0, acc: 0000, samples: 0/0
display  D   display_settings.c:527  _al_score_display_settings       [   0.07987] Score is : 769
display  D   display_settings.c:212  debug_display_settings           [   0.07993] color: 16 (rgba 5650), depth: 24, stencil: 0, acc: 0000, samples: 2/1
display  D   display_settings.c:527  _al_score_display_settings       [   0.07999] Score is : 598
display  D   display_settings.c:212  debug_display_settings           [   0.08006] color: 16 (rgba 5650), depth: 24, stencil: 0, acc: 0000, samples: 3/1
display  D   display_settings.c:527  _al_score_display_settings       [   0.08014] Score is : 593
display  D   display_settings.c:212  debug_display_settings           [   0.08021] color: 16 (rgba 5650), depth: 24, stencil: 0, acc: 0000, samples: 4/1
display  D   display_settings.c:527  _al_score_display_settings       [   0.08029] Score is : 589
display  D   display_settings.c:212  debug_display_settings           [   0.08037] color: 16 (rgba 5650), depth: 24, stencil: 0, acc: 0000, samples: 5/1
display  D   display_settings.c:527  _al_score_display_settings       [   0.08045] Score is : 587
display  D   display_settings.c:212  debug_display_settings           [   0.08053] color: 16 (rgba 5650), depth: 24, stencil: 0, acc: 0000, samples: 6/1
display  D   display_settings.c:527  _al_score_display_settings       [   0.08062] Score is : 586
display  D   display_settings.c:212  debug_display_settings           [   0.08069] color: 16 (rgba 5650), depth: 24, stencil: 0, acc: 0000, samples: 7/1
display  D   display_settings.c:527  _al_score_display_settings       [   0.08077] Score is : 585
display  D   display_settings.c:212  debug_display_settings           [   0.08085] color: 16 (rgba 5650), depth: 24, stencil: 0, acc: 0000, samples: 8/1
display  D   display_settings.c:527  _al_score_display_settings       [   0.08093] Score is : 584
display  D   display_settings.c:212  debug_display_settings           [   0.08099] color: 16 (rgba 5650), depth: 16, stencil: 0, acc: 0000, samples: 0/0
display  D   display_settings.c:527  _al_score_display_settings       [   0.08107] Score is : 769
display  D   display_settings.c:212  debug_display_settings           [   0.08114] color: 16 (rgba 5650), depth: 16, stencil: 0, acc: 0000, samples: 0/0
display  D   display_settings.c:527  _al_score_display_settings       [   0.08120] Score is : 769
display  D   display_settings.c:212  debug_display_settings           [   0.08126] color: 16 (rgba 5650), depth: 16, stencil: 0, acc: 0000, samples: 2/1
display  D   display_settings.c:527  _al_score_display_settings       [   0.08134] Score is : 598
display  D   display_settings.c:212  debug_display_settings           [   0.08142] color: 16 (rgba 5650), depth: 16, stencil: 0, acc: 0000, samples: 3/1
display  D   display_settings.c:527  _al_score_display_settings       [   0.08152] Score is : 593
display  D   display_settings.c:212  debug_display_settings           [   0.08159] color: 16 (rgba 5650), depth: 16, stencil: 0, acc: 0000, samples: 4/1
display  D   display_settings.c:527  _al_score_display_settings       [   0.08167] Score is : 589
display  D   display_settings.c:212  debug_display_settings           [   0.08173] color: 16 (rgba 5650), depth: 16, stencil: 0, acc: 0000, samples: 5/1
display  D   display_settings.c:527  _al_score_display_settings       [   0.08179] Score is : 587
display  D   display_settings.c:212  debug_display_settings           [   0.08184] color: 16 (rgba 5650), depth: 16, stencil: 0, acc: 0000, samples: 6/1
display  D   display_settings.c:527  _al_score_display_settings       [   0.08192] Score is : 586
display  D   display_settings.c:212  debug_display_settings           [   0.08199] color: 16 (rgba 5650), depth: 16, stencil: 0, acc: 0000, samples: 7/1
display  D   display_settings.c:527  _al_score_display_settings       [   0.08205] Score is : 585
display  D   display_settings.c:212  debug_display_settings           [   0.08210] color: 16 (rgba 5650), depth: 16, stencil: 0, acc: 0000, samples: 8/1
display  D   display_settings.c:527  _al_score_display_settings       [   0.08216] Score is : 584
display  D   display_settings.c:212  debug_display_settings           [   0.08221] color: 32 (rgba 8880), depth: 0, stencil: 0, acc: 0000, samples: 0/0
display  D   display_settings.c:398  _al_score_display_settings       [   0.08227] Single Buffer requirement not met.
display  D   display_settings.c:212  debug_display_settings           [   0.08232] color: 32 (rgba 8880), depth: 0, stencil: 0, acc: 0000, samples: 0/0
display  D   display_settings.c:398  _al_score_display_settings       [   0.08237] Single Buffer requirement not met.
display  D   display_settings.c:212  debug_display_settings           [   0.08243] color: 32 (rgba 8880), depth: 0, stencil: 0, acc: 0000, samples: 2/1
display  D   display_settings.c:398  _al_score_display_settings       [   0.08249] Single Buffer requirement not met.
display  D   display_settings.c:212  debug_display_settings           [   0.08255] color: 32 (rgba 8880), depth: 0, stencil: 0, acc: 0000, samples: 3/1
display  D   display_settings.c:398  _al_score_display_settings       [   0.08264] Single Buffer requirement not met.
display  D   display_settings.c:212  debug_display_settings           [   0.08272] color: 32 (rgba 8880), depth: 0, stencil: 0, acc: 0000, samples: 4/1
display  D   display_settings.c:398  _al_score_display_settings       [   0.08281] Single Buffer requirement not met.
display  D   display_settings.c:212  debug_display_settings           [   0.08288] color: 32 (rgba 8880), depth: 0, stencil: 0, acc: 0000, samples: 5/1
display  D   display_settings.c:398  _al_score_display_settings       [   0.08295] Single Buffer requirement not met.
display  D   display_settings.c:212  debug_display_settings           [   0.08302] color: 32 (rgba 8880), depth: 0, stencil: 0, acc: 0000, samples: 6/1
display  D   display_settings.c:398  _al_score_display_settings       [   0.08308] Single Buffer requirement not met.
display  D   display_settings.c:212  debug_display_settings           [   0.08314] color: 32 (rgba 8880), depth: 0, stencil: 0, acc: 0000, samples: 7/1
display  D   display_settings.c:398  _al_score_display_settings       [   0.08321] Single Buffer requirement not met.
display  D   display_settings.c:212  debug_display_settings           [   0.08326] color: 32 (rgba 8880), depth: 0, stencil: 0, acc: 0000, samples: 8/1
display  D   display_settings.c:398  _al_score_display_settings       [   0.08332] Single Buffer requirement not met.
display  D   display_settings.c:212  debug_display_settings           [   0.08338] color: 32 (rgba 8880), depth: 24, stencil: 8, acc: 0000, samples: 0/0
display  D   display_settings.c:398  _al_score_display_settings       [   0.08343] Single Buffer requirement not met.
display  D   display_settings.c:212  debug_display_settings           [   0.08349] color: 32 (rgba 8880), depth: 24, stencil: 8, acc: 0000, samples: 0/0
display  D   display_settings.c:398  _al_score_display_settings       [   0.08355] Single Buffer requirement not met.
display  D   display_settings.c:212  debug_display_settings           [   0.08361] color: 32 (rgba 8880), depth: 24, stencil: 8, acc: 0000, samples: 2/1
display  D   display_settings.c:398  _al_score_display_settings       [   0.08368] Single Buffer requirement not met.
display  D   display_settings.c:212  debug_display_settings           [   0.08375] color: 32 (rgba 8880), depth: 24, stencil: 8, acc: 0000, samples: 3/1
display  D   display_settings.c:398  _al_score_display_settings       [   0.08383] Single Buffer requirement not met.
display  D   display_settings.c:212  debug_display_settings           [   0.08390] color: 32 (rgba 8880), depth: 24, stencil: 8, acc: 0000, samples: 4/1
display  D   display_settings.c:398  _al_score_display_settings       [   0.08397] Single Buffer requirement not met.
display  D   display_settings.c:212  debug_display_settings           [   0.08402] color: 32 (rgba 8880), depth: 24, stencil: 8, acc: 0000, samples: 5/1
display  D   display_settings.c:398  _al_score_display_settings       [   0.08408] Single Buffer requirement not met.
display  D   display_settings.c:212  debug_display_settings           [   0.08415] color: 32 (rgba 8880), depth: 24, stencil: 8, acc: 0000, samples: 6/1
display  D   display_settings.c:398  _al_score_display_settings       [   0.08423] Single Buffer requirement not met.
display  D   display_settings.c:212  debug_display_settings           [   0.08432] color: 32 (rgba 8880), depth: 24, stencil: 8, acc: 0000, samples: 7/1
display  D   display_settings.c:398  _al_score_display_settings       [   0.08439] Single Buffer requirement not met.
display  D   display_settings.c:212  debug_display_settings           [   0.08445] color: 32 (rgba 8880), depth: 24, stencil: 8, acc: 0000, samples: 8/1
display  D   display_settings.c:398  _al_score_display_settings       [   0.08452] Single Buffer requirement not met.
display  D   display_settings.c:212  debug_display_settings           [   0.08460] color: 32 (rgba 8880), depth: 24, stencil: 0, acc: 0000, samples: 0/0
display  D   display_settings.c:398  _al_score_display_settings       [   0.08467] Single Buffer requirement not met.
display  D   display_settings.c:212  debug_display_settings           [   0.08476] color: 32 (rgba 8880), depth: 24, stencil: 0, acc: 0000, samples: 0/0
display  D   display_settings.c:398  _al_score_display_settings       [   0.08485] Single Buffer requirement not met.
display  D   display_settings.c:212  debug_display_settings           [   0.08494] color: 32 (rgba 8880), depth: 24, stencil: 0, acc: 0000, samples: 2/1
display  D   display_settings.c:398  _al_score_display_settings       [   0.08503] Single Buffer requirement not met.
display  D   display_settings.c:212  debug_display_settings           [   0.08511] color: 32 (rgba 8880), depth: 24, stencil: 0, acc: 0000, samples: 3/1
display  D   display_settings.c:398  _al_score_display_settings       [   0.08521] Single Buffer requirement not met.
display  D   display_settings.c:212  debug_display_settings           [   0.08528] color: 32 (rgba 8880), depth: 24, stencil: 0, acc: 0000, samples: 4/1
display  D   display_settings.c:398  _al_score_display_settings       [   0.08535] Single Buffer requirement not met.
display  D   display_settings.c:212  debug_display_settings           [   0.08543] color: 32 (rgba 8880), depth: 24, stencil: 0, acc: 0000, samples: 5/1
display  D   display_settings.c:398  _al_score_display_settings       [   0.08553] Single Buffer requirement not met.
display  D   display_settings.c:212  debug_display_settings           [   0.08559] color: 32 (rgba 8880), depth: 24, stencil: 0, acc: 0000, samples: 6/1
display  D   display_settings.c:398  _al_score_display_settings       [   0.08565] Single Buffer requirement not met.
display  D   display_settings.c:212  debug_display_settings           [   0.08573] color: 32 (rgba 8880), depth: 24, stencil: 0, acc: 0000, samples: 7/1
display  D   display_settings.c:398  _al_score_display_settings       [   0.08580] Single Buffer requirement not met.
display  D   display_settings.c:212  debug_display_settings           [   0.08588] color: 32 (rgba 8880), depth: 24, stencil: 0, acc: 0000, samples: 8/1
display  D   display_settings.c:398  _al_score_display_settings       [   0.08596] Single Buffer requirement not met.
display  D   display_settings.c:212  debug_display_settings           [   0.08603] color: 32 (rgba 8880), depth: 16, stencil: 0, acc: 0000, samples: 0/0
display  D   display_settings.c:398  _al_score_display_settings       [   0.08609] Single Buffer requirement not met.
display  D   display_settings.c:212  debug_display_settings           [   0.08616] color: 32 (rgba 8880), depth: 16, stencil: 0, acc: 0000, samples: 0/0
display  D   display_settings.c:398  _al_score_display_settings       [   0.08623] Single Buffer requirement not met.
display  D   display_settings.c:212  debug_display_settings           [   0.08630] color: 32 (rgba 8880), depth: 16, stencil: 0, acc: 0000, samples: 2/1
display  D   display_settings.c:398  _al_score_display_settings       [   0.08640] Single Buffer requirement not met.
display  D   display_settings.c:212  debug_display_settings           [   0.08648] color: 32 (rgba 8880), depth: 16, stencil: 0, acc: 0000, samples: 3/1
display  D   display_settings.c:398  _al_score_display_settings       [   0.08657] Single Buffer requirement not met.
display  D   display_settings.c:212  debug_display_settings           [   0.08665] color: 32 (rgba 8880), depth: 16, stencil: 0, acc: 0000, samples: 4/1
display  D   display_settings.c:398  _al_score_display_settings       [   0.08674] Single Buffer requirement not met.
display  D   display_settings.c:212  debug_display_settings           [   0.08682] color: 32 (rgba 8880), depth: 16, stencil: 0, acc: 0000, samples: 5/1
display  D   display_settings.c:398  _al_score_display_settings       [   0.08691] Single Buffer requirement not met.
display  D   display_settings.c:212  debug_display_settings           [   0.08697] color: 32 (rgba 8880), depth: 16, stencil: 0, acc: 0000, samples: 6/1
display  D   display_settings.c:398  _al_score_display_settings       [   0.08703] Single Buffer requirement not met.
display  D   display_settings.c:212  debug_display_settings           [   0.08708] color: 32 (rgba 8880), depth: 16, stencil: 0, acc: 0000, samples: 7/1
display  D   display_settings.c:398  _al_score_display_settings       [   0.08714] Single Buffer requirement not met.
display  D   display_settings.c:212  debug_display_settings           [   0.08719] color: 32 (rgba 8880), depth: 16, stencil: 0, acc: 0000, samples: 8/1
display  D   display_settings.c:398  _al_score_display_settings       [   0.08725] Single Buffer requirement not met.
display  D   display_settings.c:212  debug_display_settings           [   0.08733] color: 16 (rgba 5650), depth: 0, stencil: 0, acc: 0000, samples: 0/0
display  D   display_settings.c:398  _al_score_display_settings       [   0.08742] Single Buffer requirement not met.
display  D   display_settings.c:212  debug_display_settings           [   0.08749] color: 16 (rgba 5650), depth: 0, stencil: 0, acc: 0000, samples: 0/0
display  D   display_settings.c:398  _al_score_display_settings       [   0.08756] Single Buffer requirement not met.
display  D   display_settings.c:212  debug_display_settings           [   0.08762] color: 16 (rgba 5650), depth: 0, stencil: 0, acc: 0000, samples: 2/1
display  D   display_settings.c:398  _al_score_display_settings       [   0.08769] Single Buffer requirement not met.
display  D   display_settings.c:212  debug_display_settings           [   0.08777] color: 16 (rgba 5650), depth: 0, stencil: 0, acc: 0000, samples: 3/1
display  D   display_settings.c:398  _al_score_display_settings       [   0.08783] Single Buffer requirement not met.
display  D   display_settings.c:212  debug_display_settings           [   0.08789] color: 16 (rgba 5650), depth: 0, stencil: 0, acc: 0000, samples: 4/1
display  D   display_settings.c:398  _al_score_display_settings       [   0.08796] Single Buffer requirement not met.
display  D   display_settings.c:212  debug_display_settings           [   0.08802] color: 16 (rgba 5650), depth: 0, stencil: 0, acc: 0000, samples: 5/1
display  D   display_settings.c:398  _al_score_display_settings       [   0.08809] Single Buffer requirement not met.
display  D   display_settings.c:212  debug_display_settings           [   0.08819] color: 16 (rgba 5650), depth: 0, stencil: 0, acc: 0000, samples: 6/1
display  D   display_settings.c:398  _al_score_display_settings       [   0.08827] Single Buffer requirement not met.
display  D   display_settings.c:212  debug_display_settings           [   0.08832] color: 16 (rgba 5650), depth: 0, stencil: 0, acc: 0000, samples: 7/1
display  D   display_settings.c:398  _al_score_display_settings       [   0.08838] Single Buffer requirement not met.
display  D   display_settings.c:212  debug_display_settings           [   0.08843] color: 16 (rgba 5650), depth: 0, stencil: 0, acc: 0000, samples: 8/1
display  D   display_settings.c:398  _al_score_display_settings       [   0.08851] Single Buffer requirement not met.
display  D   display_settings.c:212  debug_display_settings           [   0.08858] color: 16 (rgba 5650), depth: 24, stencil: 8, acc: 0000, samples: 0/0
display  D   display_settings.c:398  _al_score_display_settings       [   0.08864] Single Buffer requirement not met.
display  D   display_settings.c:212  debug_display_settings           [   0.08869] color: 16 (rgba 5650), depth: 24, stencil: 8, acc: 0000, samples: 0/0
display  D   display_settings.c:398  _al_score_display_settings       [   0.08875] Single Buffer requirement not met.
display  D   display_settings.c:212  debug_display_settings           [   0.08881] color: 16 (rgba 5650), depth: 24, stencil: 8, acc: 0000, samples: 2/1
display  D   display_settings.c:398  _al_score_display_settings       [   0.08888] Single Buffer requirement not met.
display  D   display_settings.c:212  debug_display_settings           [   0.08896] color: 16 (rgba 5650), depth: 24, stencil: 8, acc: 0000, samples: 3/1
display  D   display_settings.c:398  _al_score_display_settings       [   0.08901] Single Buffer requirement not met.
display  D   display_settings.c:212  debug_display_settings           [   0.08908] color: 16 (rgba 5650), depth: 24, stencil: 8, acc: 0000, samples: 4/1
display  D   display_settings.c:398  _al_score_display_settings       [   0.08915] Single Buffer requirement not met.
display  D   display_settings.c:212  debug_display_settings           [   0.08921] color: 16 (rgba 5650), depth: 24, stencil: 8, acc: 0000, samples: 5/1
display  D   display_settings.c:398  _al_score_display_settings       [   0.08927] Single Buffer requirement not met.
display  D   display_settings.c:212  debug_display_settings           [   0.08933] color: 16 (rgba 5650), depth: 24, stencil: 8, acc: 0000, samples: 6/1
display  D   display_settings.c:398  _al_score_display_settings       [   0.08940] Single Buffer requirement not met.
display  D   display_settings.c:212  debug_display_settings           [   0.08945] color: 16 (rgba 5650), depth: 24, stencil: 8, acc: 0000, samples: 7/1
display  D   display_settings.c:398  _al_score_display_settings       [   0.08951] Single Buffer requirement not met.
display  D   display_settings.c:212  debug_display_settings           [   0.08959] color: 16 (rgba 5650), depth: 24, stencil: 8, acc: 0000, samples: 8/1
display  D   display_settings.c:398  _al_score_display_settings       [   0.08966] Single Buffer requirement not met.
display  D   display_settings.c:212  debug_display_settings           [   0.08972] color: 16 (rgba 5650), depth: 24, stencil: 0, acc: 0000, samples: 0/0
display  D   display_settings.c:398  _al_score_display_settings       [   0.08979] Single Buffer requirement not met.
display  D   display_settings.c:212  debug_display_settings           [   0.08985] color: 16 (rgba 5650), depth: 24, stencil: 0, acc: 0000, samples: 0/0
display  D   display_settings.c:398  _al_score_display_settings       [   0.08990] Single Buffer requirement not met.
display  D   display_settings.c:212  debug_display_settings           [   0.08996] color: 16 (rgba 5650), depth: 24, stencil: 0, acc: 0000, samples: 2/1
display  D   display_settings.c:398  _al_score_display_settings       [   0.09004] Single Buffer requirement not met.
display  D   display_settings.c:212  debug_display_settings           [   0.09010] color: 16 (rgba 5650), depth: 24, stencil: 0, acc: 0000, samples: 3/1
display  D   display_settings.c:398  _al_score_display_settings       [   0.09016] Single Buffer requirement not met.
display  D   display_settings.c:212  debug_display_settings           [   0.09023] color: 16 (rgba 5650), depth: 24, stencil: 0, acc: 0000, samples: 4/1
display  D   display_settings.c:398  _al_score_display_settings       [   0.09030] Single Buffer requirement not met.
display  D   display_settings.c:212  debug_display_settings           [   0.09037] color: 16 (rgba 5650), depth: 24, stencil: 0, acc: 0000, samples: 5/1
display  D   display_settings.c:398  _al_score_display_settings       [   0.09044] Single Buffer requirement not met.
display  D   display_settings.c:212  debug_display_settings           [   0.09051] color: 16 (rgba 5650), depth: 24, stencil: 0, acc: 0000, samples: 6/1
display  D   display_settings.c:398  _al_score_display_settings       [   0.09057] Single Buffer requirement not met.
display  D   display_settings.c:212  debug_display_settings           [   0.09063] color: 16 (rgba 5650), depth: 24, stencil: 0, acc: 0000, samples: 7/1
display  D   display_settings.c:398  _al_score_display_settings       [   0.09071] Single Buffer requirement not met.
display  D   display_settings.c:212  debug_display_settings           [   0.09076] color: 16 (rgba 5650), depth: 24, stencil: 0, acc: 0000, samples: 8/1
display  D   display_settings.c:398  _al_score_display_settings       [   0.09082] Single Buffer requirement not met.
display  D   display_settings.c:212  debug_display_settings           [   0.09089] color: 16 (rgba 5650), depth: 16, stencil: 0, acc: 0000, samples: 0/0
display  D   display_settings.c:398  _al_score_display_settings       [   0.09095] Single Buffer requirement not met.
display  D   display_settings.c:212  debug_display_settings           [   0.09100] color: 16 (rgba 5650), depth: 16, stencil: 0, acc: 0000, samples: 0/0
display  D   display_settings.c:398  _al_score_display_settings       [   0.09105] Single Buffer requirement not met.
display  D   display_settings.c:212  debug_display_settings           [   0.09113] color: 16 (rgba 5650), depth: 16, stencil: 0, acc: 0000, samples: 2/1
display  D   display_settings.c:398  _al_score_display_settings       [   0.09124] Single Buffer requirement not met.
display  D   display_settings.c:212  debug_display_settings           [   0.09132] color: 16 (rgba 5650), depth: 16, stencil: 0, acc: 0000, samples: 3/1
display  D   display_settings.c:398  _al_score_display_settings       [   0.09139] Single Buffer requirement not met.
display  D   display_settings.c:212  debug_display_settings           [   0.09148] color: 16 (rgba 5650), depth: 16, stencil: 0, acc: 0000, samples: 4/1
display  D   display_settings.c:398  _al_score_display_settings       [   0.09159] Single Buffer requirement not met.
display  D   display_settings.c:212  debug_display_settings           [   0.09168] color: 16 (rgba 5650), depth: 16, stencil: 0, acc: 0000, samples: 5/1
display  D   display_settings.c:398  _al_score_display_settings       [   0.09178] Single Buffer requirement not met.
display  D   display_settings.c:212  debug_display_settings           [   0.09186] color: 16 (rgba 5650), depth: 16, stencil: 0, acc: 0000, samples: 6/1
display  D   display_settings.c:398  _al_score_display_settings       [   0.09195] Single Buffer requirement not met.
display  D   display_settings.c:212  debug_display_settings           [   0.09202] color: 16 (rgba 5650), depth: 16, stencil: 0, acc: 0000, samples: 7/1
display  D   display_settings.c:398  _al_score_display_settings       [   0.09212] Single Buffer requirement not met.
display  D   display_settings.c:212  debug_display_settings           [   0.09219] color: 16 (rgba 5650), depth: 16, stencil: 0, acc: 0000, samples: 8/1
display  D   display_settings.c:398  _al_score_display_settings       [   0.09225] Single Buffer requirement not met.
d3d      D         d3d_disp.cpp:1682 d3d_create_display_internals     [   0.09237] Trying format 0.
d3d      I         d3d_disp.cpp:1358 d3d_display_thread_proc          [   0.09647] Chose a display format: 23
d3d      I         d3d_disp.cpp:1427 d3d_display_thread_proc          [   0.09657] Normal window.
d3d      I         d3d_disp.cpp:791  d3d_create_device                [   0.12892] Using no depth stencil buffer
d3d      D         d3d_disp.cpp:853  d3d_create_device                [   0.17036] BeginScene succeeded in create_device
d3d      D         d3d_disp.cpp:861  d3d_create_device                [   0.17051] Success
d3d      D         d3d_disp.cpp:1705 d3d_create_display_internals     [   0.17058] Resumed after wait.
d3d      I         d3d_disp.cpp:1738 d3d_create_display_internals     [   0.17070] Format 0 succeeded.
d3d      D         d3d_disp.cpp:1769 d3d_create_display_internals     [   0.17077] Returning d3d_display: 00D67488
d3d      D         d3d_disp.cpp:1794 d3d_create_display_locked        [   0.17086] al_display=00D67488
d3d      D         d3d_disp.cpp:1795 d3d_create_display_locked        [   0.17094] al_display->vt=00D83D10
system   D            wsystem.c:819  maybe_parent_dir                 [   0.17127] Also searching D:\Projects\Breakout\
system   D            wsystem.c:874  _al_win_safe_load_library        [   0.17152] PathFindOnPath found: C:\WINDOWS\system32\d3dx9_43.dll
system   D            wsystem.c:780  load_library_at_path             [   0.17160] Calling LoadLibrary C:\WINDOWS\system32\d3dx9_43.dll
system   I            wsystem.c:783  load_library_at_path             [   0.17302] Loaded C:\WINDOWS\system32\d3dx9_43.dll
d3dx9    I        d3d_d3dx9.cpp:88   _imp_load_d3dx9_module_version   [   0.17311] Module "d3dx9_43.dll" loaded.
